<?xml version="1.0" encoding="UTF-8"?>
<testng-results skipped="1" failed="0" ignored="0" total="1" passed="0">
  <reporter-output>
  </reporter-output>
  <suite name="Default suite" duration-ms="11568" started-at="2021-03-17T06:44:37Z" finished-at="2021-03-17T06:44:48Z">
    <groups>
    </groups>
    <test name="Default test" duration-ms="11568" started-at="2021-03-17T06:44:37Z" finished-at="2021-03-17T06:44:48Z">
      <class name="com.TestNGproject.SeleniumGrid_ParallelTesting">
        <test-method status="FAIL" signature="beforeClass()[pri:0, instance:com.TestNGproject.SeleniumGrid_ParallelTesting@2ef5e5e3]" name="beforeClass" is-config="true" duration-ms="0" started-at="2021-03-17T12:14:37Z" finished-at="2021-03-17T12:14:37Z">
          <exception class="org.openqa.selenium.SessionNotCreatedException">
            <message>
              <![CDATA[session not created: This version of ChromeDriver only supports Chrome version 87
Current browser version is 89.0.4389.90 with binary path C:\Program Files (x86)\Google\Chrome\Application\chrome.exe
Build info: version: '3.141.59', revision: 'e82be7d358', time: '2018-11-14T08:17:03'
System info: host: 'DESKTOP-9U807NB', ip: '192.168.116.1', os.name: 'Windows 10', os.arch: 'amd64', os.version: '10.0', java.version: '1.8.0_151'
Driver info: driver.version: ChromeDriver
remote stacktrace: Backtrace:
	Ordinal0 [0x0147C0C3+3326147]
	Ordinal0 [0x01360851+2164817]
	Ordinal0 [0x011E7298+619160]
	Ordinal0 [0x01161D92+73106]
	Ordinal0 [0x0115E119+57625]
	Ordinal0 [0x0115C38A+50058]
	Ordinal0 [0x01185F3E+220990]
	Ordinal0 [0x01185CAC+220332]
	Ordinal0 [0x0118189B+202907]
	Ordinal0 [0x01163DF4+81396]
	Ordinal0 [0x01164DEE+85486]
	Ordinal0 [0x01164D79+85369]
	Ordinal0 [0x013785DC+2262492]
	GetHandleVerifier [0x01602874+1487204]
	GetHandleVerifier [0x016023CD+1486013]
	GetHandleVerifier [0x0160A368+1518680]
	GetHandleVerifier [0x01602F4E+1488958]
	Ordinal0 [0x0136ED0D+2223373]
	Ordinal0 [0x0137A12B+2269483]
	Ordinal0 [0x0137A26F+2269807]
	Ordinal0 [0x0138ECB8+2354360]
	BaseThreadInitThunk [0x76FC3744+36]
	RtlSetCurrentTransaction [0x7736A064+212]
	RtlSetCurrentTransaction [0x7736A02F+159]
]]>
            </message>
            <full-stacktrace>
              <![CDATA[org.openqa.selenium.SessionNotCreatedException: session not created: This version of ChromeDriver only supports Chrome version 87
Current browser version is 89.0.4389.90 with binary path C:\Program Files (x86)\Google\Chrome\Application\chrome.exe
Build info: version: '3.141.59', revision: 'e82be7d358', time: '2018-11-14T08:17:03'
System info: host: 'DESKTOP-9U807NB', ip: '192.168.116.1', os.name: 'Windows 10', os.arch: 'amd64', os.version: '10.0', java.version: '1.8.0_151'
Driver info: driver.version: ChromeDriver
remote stacktrace: Backtrace:
	Ordinal0 [0x0147C0C3+3326147]
	Ordinal0 [0x01360851+2164817]
	Ordinal0 [0x011E7298+619160]
	Ordinal0 [0x01161D92+73106]
	Ordinal0 [0x0115E119+57625]
	Ordinal0 [0x0115C38A+50058]
	Ordinal0 [0x01185F3E+220990]
	Ordinal0 [0x01185CAC+220332]
	Ordinal0 [0x0118189B+202907]
	Ordinal0 [0x01163DF4+81396]
	Ordinal0 [0x01164DEE+85486]
	Ordinal0 [0x01164D79+85369]
	Ordinal0 [0x013785DC+2262492]
	GetHandleVerifier [0x01602874+1487204]
	GetHandleVerifier [0x016023CD+1486013]
	GetHandleVerifier [0x0160A368+1518680]
	GetHandleVerifier [0x01602F4E+1488958]
	Ordinal0 [0x0136ED0D+2223373]
	Ordinal0 [0x0137A12B+2269483]
	Ordinal0 [0x0137A26F+2269807]
	Ordinal0 [0x0138ECB8+2354360]
	BaseThreadInitThunk [0x76FC3744+36]
	RtlSetCurrentTransaction [0x7736A064+212]
	RtlSetCurrentTransaction [0x7736A02F+159]

	at sun.reflect.NativeConstructorAccessorImpl.newInstance0(Native Method)
	at sun.reflect.NativeConstructorAccessorImpl.newInstance(Unknown Source)
	at sun.reflect.DelegatingConstructorAccessorImpl.newInstance(Unknown Source)
	at java.lang.reflect.Constructor.newInstance(Unknown Source)
	at org.openqa.selenium.remote.W3CHandshakeResponse.lambda$errorHandler$0(W3CHandshakeResponse.java:62)
	at org.openqa.selenium.remote.HandshakeResponse.lambda$getResponseFunction$0(HandshakeResponse.java:30)
	at org.openqa.selenium.remote.ProtocolHandshake.lambda$createSession$0(ProtocolHandshake.java:126)
	at java.util.stream.ReferencePipeline$3$1.accept(Unknown Source)
	at java.util.Spliterators$ArraySpliterator.tryAdvance(Unknown Source)
	at java.util.stream.ReferencePipeline.forEachWithCancel(Unknown Source)
	at java.util.stream.AbstractPipeline.copyIntoWithCancel(Unknown Source)
	at java.util.stream.AbstractPipeline.copyInto(Unknown Source)
	at java.util.stream.AbstractPipeline.wrapAndCopyInto(Unknown Source)
	at java.util.stream.FindOps$FindOp.evaluateSequential(Unknown Source)
	at java.util.stream.AbstractPipeline.evaluate(Unknown Source)
	at java.util.stream.ReferencePipeline.findFirst(Unknown Source)
	at org.openqa.selenium.remote.ProtocolHandshake.createSession(ProtocolHandshake.java:128)
	at org.openqa.selenium.remote.ProtocolHandshake.createSession(ProtocolHandshake.java:74)
	at org.openqa.selenium.remote.HttpCommandExecutor.execute(HttpCommandExecutor.java:136)
	at org.openqa.selenium.remote.service.DriverCommandExecutor.execute(DriverCommandExecutor.java:83)
	at org.openqa.selenium.remote.RemoteWebDriver.execute(RemoteWebDriver.java:552)
	at org.openqa.selenium.remote.RemoteWebDriver.startSession(RemoteWebDriver.java:213)
	at org.openqa.selenium.remote.RemoteWebDriver.<init>(RemoteWebDriver.java:131)
	at org.openqa.selenium.chrome.ChromeDriver.<init>(ChromeDriver.java:181)
	at org.openqa.selenium.chrome.ChromeDriver.<init>(ChromeDriver.java:168)
	at org.openqa.selenium.chrome.ChromeDriver.<init>(ChromeDriver.java:123)
	at com.TestNGproject.SeleniumGrid_ParallelTesting.beforeClass(SeleniumGrid_ParallelTesting.java:31)
	at sun.reflect.NativeMethodAccessorImpl.invoke0(Native Method)
	at sun.reflect.NativeMethodAccessorImpl.invoke(Unknown Source)
	at sun.reflect.DelegatingMethodAccessorImpl.invoke(Unknown Source)
	at java.lang.reflect.Method.invoke(Unknown Source)
	at org.testng.internal.MethodInvocationHelper.invokeMethod(MethodInvocationHelper.java:104)
	at org.testng.internal.Invoker.invokeConfigurationMethod(Invoker.java:515)
	at org.testng.internal.Invoker.invokeConfigurations(Invoker.java:217)
	at org.testng.internal.Invoker.invokeConfigurations(Invoker.java:144)
	at org.testng.internal.TestMethodWorker.invokeBeforeClassMethods(TestMethodWorker.java:169)
	at org.testng.internal.TestMethodWorker.run(TestMethodWorker.java:108)
	at org.testng.TestRunner.privateRun(TestRunner.java:756)
	at org.testng.TestRunner.run(TestRunner.java:610)
	at org.testng.SuiteRunner.runTest(SuiteRunner.java:387)
	at org.testng.SuiteRunner.runSequentially(SuiteRunner.java:382)
	at org.testng.SuiteRunner.privateRun(SuiteRunner.java:340)
	at org.testng.SuiteRunner.run(SuiteRunner.java:289)
	at org.testng.SuiteRunnerWorker.runSuite(SuiteRunnerWorker.java:52)
	at org.testng.SuiteRunnerWorker.run(SuiteRunnerWorker.java:86)
	at org.testng.TestNG.runSuitesSequentially(TestNG.java:1293)
	at org.testng.TestNG.runSuitesLocally(TestNG.java:1218)
	at org.testng.TestNG.runSuites(TestNG.java:1133)
	at org.testng.TestNG.run(TestNG.java:1104)
	at org.testng.remote.AbstractRemoteTestNG.run(AbstractRemoteTestNG.java:114)
	at org.testng.remote.RemoteTestNG.initAndRun(RemoteTestNG.java:251)
	at org.testng.remote.RemoteTestNG.main(RemoteTestNG.java:77)
]]>
            </full-stacktrace>
          </exception> <!-- org.openqa.selenium.SessionNotCreatedException -->
          <reporter-output>
          </reporter-output>
        </test-method> <!-- beforeClass -->
        <test-method status="SKIP" signature="testMethod()[pri:0, instance:com.TestNGproject.SeleniumGrid_ParallelTesting@2ef5e5e3]" name="testMethod" duration-ms="11" started-at="2021-03-17T12:14:48Z" finished-at="2021-03-17T12:14:48Z">
          <exception class="org.openqa.selenium.SessionNotCreatedException">
            <message>
              <![CDATA[session not created: This version of ChromeDriver only supports Chrome version 87
Current browser version is 89.0.4389.90 with binary path C:\Program Files (x86)\Google\Chrome\Application\chrome.exe
Build info: version: '3.141.59', revision: 'e82be7d358', time: '2018-11-14T08:17:03'
System info: host: 'DESKTOP-9U807NB', ip: '192.168.116.1', os.name: 'Windows 10', os.arch: 'amd64', os.version: '10.0', java.version: '1.8.0_151'
Driver info: driver.version: ChromeDriver
remote stacktrace: Backtrace:
	Ordinal0 [0x0147C0C3+3326147]
	Ordinal0 [0x01360851+2164817]
	Ordinal0 [0x011E7298+619160]
	Ordinal0 [0x01161D92+73106]
	Ordinal0 [0x0115E119+57625]
	Ordinal0 [0x0115C38A+50058]
	Ordinal0 [0x01185F3E+220990]
	Ordinal0 [0x01185CAC+220332]
	Ordinal0 [0x0118189B+202907]
	Ordinal0 [0x01163DF4+81396]
	Ordinal0 [0x01164DEE+85486]
	Ordinal0 [0x01164D79+85369]
	Ordinal0 [0x013785DC+2262492]
	GetHandleVerifier [0x01602874+1487204]
	GetHandleVerifier [0x016023CD+1486013]
	GetHandleVerifier [0x0160A368+1518680]
	GetHandleVerifier [0x01602F4E+1488958]
	Ordinal0 [0x0136ED0D+2223373]
	Ordinal0 [0x0137A12B+2269483]
	Ordinal0 [0x0137A26F+2269807]
	Ordinal0 [0x0138ECB8+2354360]
	BaseThreadInitThunk [0x76FC3744+36]
	RtlSetCurrentTransaction [0x7736A064+212]
	RtlSetCurrentTransaction [0x7736A02F+159]
]]>
            </message>
            <full-stacktrace>
              <![CDATA[org.openqa.selenium.SessionNotCreatedException: session not created: This version of ChromeDriver only supports Chrome version 87
Current browser version is 89.0.4389.90 with binary path C:\Program Files (x86)\Google\Chrome\Application\chrome.exe
Build info: version: '3.141.59', revision: 'e82be7d358', time: '2018-11-14T08:17:03'
System info: host: 'DESKTOP-9U807NB', ip: '192.168.116.1', os.name: 'Windows 10', os.arch: 'amd64', os.version: '10.0', java.version: '1.8.0_151'
Driver info: driver.version: ChromeDriver
remote stacktrace: Backtrace:
	Ordinal0 [0x0147C0C3+3326147]
	Ordinal0 [0x01360851+2164817]
	Ordinal0 [0x011E7298+619160]
	Ordinal0 [0x01161D92+73106]
	Ordinal0 [0x0115E119+57625]
	Ordinal0 [0x0115C38A+50058]
	Ordinal0 [0x01185F3E+220990]
	Ordinal0 [0x01185CAC+220332]
	Ordinal0 [0x0118189B+202907]
	Ordinal0 [0x01163DF4+81396]
	Ordinal0 [0x01164DEE+85486]
	Ordinal0 [0x01164D79+85369]
	Ordinal0 [0x013785DC+2262492]
	GetHandleVerifier [0x01602874+1487204]
	GetHandleVerifier [0x016023CD+1486013]
	GetHandleVerifier [0x0160A368+1518680]
	GetHandleVerifier [0x01602F4E+1488958]
	Ordinal0 [0x0136ED0D+2223373]
	Ordinal0 [0x0137A12B+2269483]
	Ordinal0 [0x0137A26F+2269807]
	Ordinal0 [0x0138ECB8+2354360]
	BaseThreadInitThunk [0x76FC3744+36]
	RtlSetCurrentTransaction [0x7736A064+212]
	RtlSetCurrentTransaction [0x7736A02F+159]

	at sun.reflect.NativeConstructorAccessorImpl.newInstance0(Native Method)
	at sun.reflect.NativeConstructorAccessorImpl.newInstance(Unknown Source)
	at sun.reflect.DelegatingConstructorAccessorImpl.newInstance(Unknown Source)
	at java.lang.reflect.Constructor.newInstance(Unknown Source)
	at org.openqa.selenium.remote.W3CHandshakeResponse.lambda$errorHandler$0(W3CHandshakeResponse.java:62)
	at org.openqa.selenium.remote.HandshakeResponse.lambda$getResponseFunction$0(HandshakeResponse.java:30)
	at org.openqa.selenium.remote.ProtocolHandshake.lambda$createSession$0(ProtocolHandshake.java:126)
	at java.util.stream.ReferencePipeline$3$1.accept(Unknown Source)
	at java.util.Spliterators$ArraySpliterator.tryAdvance(Unknown Source)
	at java.util.stream.ReferencePipeline.forEachWithCancel(Unknown Source)
	at java.util.stream.AbstractPipeline.copyIntoWithCancel(Unknown Source)
	at java.util.stream.AbstractPipeline.copyInto(Unknown Source)
	at java.util.stream.AbstractPipeline.wrapAndCopyInto(Unknown Source)
	at java.util.stream.FindOps$FindOp.evaluateSequential(Unknown Source)
	at java.util.stream.AbstractPipeline.evaluate(Unknown Source)
	at java.util.stream.ReferencePipeline.findFirst(Unknown Source)
	at org.openqa.selenium.remote.ProtocolHandshake.createSession(ProtocolHandshake.java:128)
	at org.openqa.selenium.remote.ProtocolHandshake.createSession(ProtocolHandshake.java:74)
	at org.openqa.selenium.remote.HttpCommandExecutor.execute(HttpCommandExecutor.java:136)
	at org.openqa.selenium.remote.service.DriverCommandExecutor.execute(DriverCommandExecutor.java:83)
	at org.openqa.selenium.remote.RemoteWebDriver.execute(RemoteWebDriver.java:552)
	at org.openqa.selenium.remote.RemoteWebDriver.startSession(RemoteWebDriver.java:213)
	at org.openqa.selenium.remote.RemoteWebDriver.<init>(RemoteWebDriver.java:131)
	at org.openqa.selenium.chrome.ChromeDriver.<init>(ChromeDriver.java:181)
	at org.openqa.selenium.chrome.ChromeDriver.<init>(ChromeDriver.java:168)
	at org.openqa.selenium.chrome.ChromeDriver.<init>(ChromeDriver.java:123)
	at com.TestNGproject.SeleniumGrid_ParallelTesting.beforeClass(SeleniumGrid_ParallelTesting.java:31)
	at sun.reflect.NativeMethodAccessorImpl.invoke0(Native Method)
	at sun.reflect.NativeMethodAccessorImpl.invoke(Unknown Source)
	at sun.reflect.DelegatingMethodAccessorImpl.invoke(Unknown Source)
	at java.lang.reflect.Method.invoke(Unknown Source)
	at org.testng.internal.MethodInvocationHelper.invokeMethod(MethodInvocationHelper.java:104)
	at org.testng.internal.Invoker.invokeConfigurationMethod(Invoker.java:515)
	at org.testng.internal.Invoker.invokeConfigurations(Invoker.java:217)
	at org.testng.internal.Invoker.invokeConfigurations(Invoker.java:144)
	at org.testng.internal.TestMethodWorker.invokeBeforeClassMethods(TestMethodWorker.java:169)
	at org.testng.internal.TestMethodWorker.run(TestMethodWorker.java:108)
	at org.testng.TestRunner.privateRun(TestRunner.java:756)
	at org.testng.TestRunner.run(TestRunner.java:610)
	at org.testng.SuiteRunner.runTest(SuiteRunner.java:387)
	at org.testng.SuiteRunner.runSequentially(SuiteRunner.java:382)
	at org.testng.SuiteRunner.privateRun(SuiteRunner.java:340)
	at org.testng.SuiteRunner.run(SuiteRunner.java:289)
	at org.testng.SuiteRunnerWorker.runSuite(SuiteRunnerWorker.java:52)
	at org.testng.SuiteRunnerWorker.run(SuiteRunnerWorker.java:86)
	at org.testng.TestNG.runSuitesSequentially(TestNG.java:1293)
	at org.testng.TestNG.runSuitesLocally(TestNG.java:1218)
	at org.testng.TestNG.runSuites(TestNG.java:1133)
	at org.testng.TestNG.run(TestNG.java:1104)
	at org.testng.remote.AbstractRemoteTestNG.run(AbstractRemoteTestNG.java:114)
	at org.testng.remote.RemoteTestNG.initAndRun(RemoteTestNG.java:251)
	at org.testng.remote.RemoteTestNG.main(RemoteTestNG.java:77)
]]>
            </full-stacktrace>
          </exception> <!-- org.openqa.selenium.SessionNotCreatedException -->
          <reporter-output>
          </reporter-output>
        </test-method> <!-- testMethod -->
      </class> <!-- com.TestNGproject.SeleniumGrid_ParallelTesting -->
    </test> <!-- Default test -->
  </suite> <!-- Default suite -->
</testng-results>
